TN:
SF:src/app.js
FN:23,(anonymous_0)
FN:28,(anonymous_1)
FNF:2
FNH:0
FNDA:0,(anonymous_0)
FNDA:0,(anonymous_1)
DA:1,3
DA:2,3
DA:3,3
DA:4,3
DA:7,3
DA:8,3
DA:12,3
DA:13,3
DA:14,3
DA:15,3
DA:18,3
DA:19,3
DA:20,3
DA:23,3
DA:24,0
DA:25,0
DA:26,0
DA:28,3
DA:29,0
DA:36,3
LF:20
LH:16
BRDA:7,0,0,3
BRDA:7,0,1,0
BRDA:29,1,0,0
BRDA:29,1,1,0
BRF:4
BRH:1
end_of_record
TN:
SF:src/controllers/forecast.controller.js
FN:3,(anonymous_0)
FNF:1
FNH:1
FNDA:2,(anonymous_0)
DA:1,3
DA:3,3
DA:4,2
DA:7,2
DA:8,2
DA:12,2
DA:14,0
DA:18,3
LF:8
LH:7
BRF:0
BRH:0
end_of_record
TN:
SF:src/controllers/location.controller.js
FN:3,(anonymous_0)
FNF:1
FNH:1
FNDA:1,(anonymous_0)
DA:1,3
DA:3,3
DA:4,1
DA:5,1
DA:6,1
DA:8,0
DA:12,3
LF:7
LH:6
BRF:0
BRH:0
end_of_record
TN:
SF:src/controllers/weather.controller.js
FN:3,(anonymous_0)
FNF:1
FNH:1
FNDA:2,(anonymous_0)
DA:1,3
DA:3,3
DA:4,2
DA:5,2
DA:6,2
DA:8,0
DA:12,3
LF:7
LH:6
BRF:0
BRH:0
end_of_record
TN:
SF:src/middlewares/extractCity.mw.js
FN:3,(anonymous_0)
FNF:1
FNH:1
FNDA:4,(anonymous_0)
DA:1,3
DA:3,3
DA:4,4
DA:5,4
DA:6,4
DA:7,2
DA:8,2
DA:10,4
DA:11,4
DA:13,0
DA:17,3
LF:11
LH:10
BRDA:6,0,0,2
BRDA:6,0,1,2
BRF:2
BRH:2
end_of_record
TN:
SF:src/routes/forecast.route.js
FNF:0
FNH:0
DA:1,3
DA:2,3
DA:3,3
DA:4,3
DA:6,3
DA:8,3
LF:6
LH:6
BRF:0
BRH:0
end_of_record
TN:
SF:src/routes/location.route.js
FNF:0
FNH:0
DA:1,3
DA:2,3
DA:3,3
DA:5,3
DA:7,3
LF:5
LH:5
BRF:0
BRH:0
end_of_record
TN:
SF:src/routes/weather.route.js
FNF:0
FNH:0
DA:1,3
DA:2,3
DA:3,3
DA:4,3
DA:6,3
DA:12,3
LF:6
LH:6
BRF:0
BRH:0
end_of_record
TN:
SF:src/services/locationClient.js
FN:12,(anonymous_0)
FNF:1
FNH:1
FNDA:3,(anonymous_0)
DA:1,3
DA:3,3
DA:12,3
DA:13,3
DA:16,3
LF:5
LH:5
BRF:0
BRH:0
end_of_record
TN:
SF:src/services/weatherClient.js
FN:12,(anonymous_0)
FN:18,(anonymous_1)
FNF:2
FNH:2
FNDA:4,(anonymous_0)
FNDA:2,(anonymous_1)
DA:1,3
DA:3,3
DA:12,3
DA:13,4
DA:18,3
DA:19,2
DA:24,3
LF:7
LH:7
BRF:0
BRH:0
end_of_record
